<?xml version="1.0" encoding="UTF-8"?>
<!-- Generated by org.testng.reporters.JUnitXMLReporter -->
<testsuite hostname="Flys-Air" ignored="0" name="Free CRM App Test Cases" tests="7" failures="0" timestamp="04 Feb 2020 12:22:19 GMT" time="167.289" errors="0">
  <testcase name="contactsLabelDisplayTest" time="0.564" classname="com.freecrm.qa.testcases.ContactsPageTest"/>
  <testcase name="loginPageTitleTest" time="0.044" classname="com.freecrm.qa.testcases.LoginPageTest"/>
  <testcase name="signupLinkVisibleTest" time="0.399" classname="com.freecrm.qa.testcases.LoginPageTest"/>
  <testcase name="verifyUserNameTextDisplayTest" time="2.606" classname="com.freecrm.qa.testcases.HomePageTest"/>
  <testcase name="loginTest" time="0.88" classname="com.freecrm.qa.testcases.LoginPageTest"/>
  <testcase name="verifyUserNameDisplayTest" time="3.169" classname="com.freecrm.qa.testcases.HomePageTest"/>
  <testcase name="contactsLinkClickTest" time="3.725" classname="com.freecrm.qa.testcases.HomePageTest"/>
</testsuite> <!-- Free CRM App Test Cases -->
