<?xml version="1.0" encoding="UTF-8"?>
<!-- Generated by org.testng.reporters.JUnitXMLReporter -->
<testsuite hostname="Flys-MacBook-Air.local" ignored="0" name="Free CRM Test" tests="2" failures="0" timestamp="29 Jan 2020 10:13:30 GMT" time="51.633" errors="0">
  <testcase name="contactsLabelDisplayTest" time="0.166" classname="com.freecrm.qa.testcases.ContactsPageTest"/>
  <testcase name="loginPageTitleTest" time="0.01" classname="com.freecrm.qa.testcases.LoginPageTest"/>
</testsuite> <!-- Free CRM Test -->
